3 5 3 
     1
4 7 4 
      
3 6  4

3-5 3 
     1
4 7 4 
      
3 6  4

3=5 3 
     1
4 7 4 
      
3 6  4

3E5 3 
     1
4 7 4 
      
3 6  4

3E5-3 
     1
4 7 4 
      
3 6  4

3E5=3 
     1
4 7 4 
      
3 6  4

3E5=3 
    |1
4 7 4 
      
3 6  4

3E5=3 
    |1
4 7 4|
     |
3 6  4

3E5=3 
    |1
4-7 4|
     |
3 6  4

3E5=3 
    |1
4=7 4|
     |
3 6  4

3E5=3 
    |1
4E7 4|
     |
3 6  4

3E5=3 
    |1
4E7 4|
|    |
3 6  4

3E5=3 
    |1
4E7-4|
|    |
3 6  4

3E5=3 
    |1
4E7=4|
|    |
3 6  4

3E5=3 
    |1
4E7E4|
|    |
3 6  4

3E5=3 
    |1
4E7E4|
| |  |
3 6  4

3E5=3 
    |1
4E7E4|
| |  |
3-6  4

3E5=3 
    |1
4E7E4|
| |  |
3=6  4

3E5=3 
    |1
4E7E4|
| |  |
3=6--4

3E5=3 
    |1
4E7E4|
| |  |
3=6==4

3E5=3 
    |1
4E7E4|
| |  |
3=6EE4

3E5=3 
    |1
4E7E4|
| |  |
3=6EE4
